<?xml version="1.0" encoding="UTF-8"?>
<testsuite name="Point2DTest" tests="1" skipped="0" failures="0" errors="0" timestamp="2023-04-27T19:44:09" hostname="TOMISPC" time="0.034">
  <properties/>
  <testcase name="testWhen3PointsAreLoaded()" classname="Point2DTest" time="0.034"/>
  <system-out><![CDATA[]]></system-out>
  <system-err><![CDATA[]]></system-err>
</testsuite>
